  AIComponent.cpp
  AIState.cpp
  AnimeSprite.cpp
  BattleComponent.cpp
  BattleManager.cpp
  Camera.cpp
  CameraLock.cpp
  Component.cpp
  Dungeon.cpp
  Enemy.cpp
  EnemyBattle.cpp
  GameClearUI.cpp
  GameObject.cpp
  GameOverUI.cpp
  HealthItem.cpp
  HUD.cpp
  Ladder.cpp
  Main.cpp
  Game.cpp
  MapComponent.cpp
  正在生成代码...
  正在编译...
  MapMaker.cpp
  Math.cpp
  Menu.cpp
  MessageBox.cpp
  MoveComponent.cpp
  NavComponent.cpp
  Player.cpp
  PlayerBattle.cpp
  Random.cpp
  SpriteComponent.cpp
  Font.cpp
  Timer.cpp
  TutorialUI.cpp
  UIScreen.cpp
  正在生成代码...
  FushigiDungeon.vcxproj -> E:\FushigiDungeon\Debug\FushigiDungeon.exe
