e:\c++\fushigidungeon\fushigidungeon\debug\vc142.pdb
e:\c++\fushigidungeon\fushigidungeon\debug\vc142.idb
e:\c++\fushigidungeon\fushigidungeon\debug\main.obj
e:\c++\fushigidungeon\fushigidungeon\debug\dungeon.obj
e:\c++\fushigidungeon\fushigidungeon\debug\component.obj
e:\c++\fushigidungeon\fushigidungeon\debug\game.obj
e:\c++\fushigidungeon\fushigidungeon\debug\math.obj
e:\c++\fushigidungeon\fushigidungeon\debug\gameobject.obj
e:\c++\fushigidungeon\fushigidungeon\debug\spritecomponent.obj
e:\c++\fushigidungeon\fushigidungeon\debug\player.obj
e:\c++\fushigidungeon\fushigidungeon\debug\mapcomponent.obj
e:\c++\fushigidungeon\fushigidungeon\debug\movecomponent.obj
e:\c++\fushigidungeon\fushigidungeon\debug\enemy.obj
e:\c++\fushigidungeon\fushigidungeon\debug\battlecomponent.obj
e:\c++\fushigidungeon\fushigidungeon\debug\battlemanager.obj
e:\c++\fushigidungeon\fushigidungeon\debug\camera.obj
e:\c++\fushigidungeon\fushigidungeon\debug\cameralock.obj
e:\c++\fushigidungeon\fushigidungeon\debug\mapmaker.obj
e:\c++\fushigidungeon\fushigidungeon\debug\random.obj
e:\c++\fushigidungeon\fushigidungeon\debug\ladder.obj
e:\c++\fushigidungeon\fushigidungeon\debug\aistate.obj
e:\c++\fushigidungeon\fushigidungeon\debug\aicomponent.obj
e:\c++\fushigidungeon\fushigidungeon\debug\navcomponent.obj
e:\c++\fushigidungeon\fushigidungeon\debug\enemybattle.obj
e:\c++\fushigidungeon\fushigidungeon\debug\uiscreen.obj
e:\c++\fushigidungeon\fushigidungeon\debug\hud.obj
e:\c++\fushigidungeon\fushigidungeon\debug\timer.obj
e:\c++\fushigidungeon\fushigidungeon\debug\font.obj
e:\c++\fushigidungeon\fushigidungeon\debug\menu.obj
e:\c++\fushigidungeon\fushigidungeon\debug\gameoverui.obj
e:\c++\fushigidungeon\fushigidungeon\debug\playerbattle.obj
e:\c++\fushigidungeon\fushigidungeon\debug\messagebox.obj
e:\c++\fushigidungeon\fushigidungeon\debug\healthitem.obj
e:\c++\fushigidungeon\fushigidungeon\debug\animesprite.obj
e:\c++\fushigidungeon\fushigidungeon\debug\tutorialui.obj
e:\c++\fushigidungeon\fushigidungeon\debug\gameclearui.obj
e:\c++\fushigidungeon\debug\fushigidungeon.exe
e:\c++\fushigidungeon\debug\fushigidungeon.ilk
e:\c++\fushigidungeon\debug\fushigidungeon.pdb
e:\fushigidungeon\fushigidungeon\debug\aicomponent.obj
e:\fushigidungeon\fushigidungeon\debug\aistate.obj
e:\fushigidungeon\fushigidungeon\debug\animesprite.obj
e:\fushigidungeon\fushigidungeon\debug\battlecomponent.obj
e:\fushigidungeon\fushigidungeon\debug\battlemanager.obj
e:\fushigidungeon\fushigidungeon\debug\camera.obj
e:\fushigidungeon\fushigidungeon\debug\cameralock.obj
e:\fushigidungeon\fushigidungeon\debug\component.obj
e:\fushigidungeon\fushigidungeon\debug\dungeon.obj
e:\fushigidungeon\fushigidungeon\debug\enemy.obj
e:\fushigidungeon\fushigidungeon\debug\enemybattle.obj
e:\fushigidungeon\fushigidungeon\debug\font.obj
e:\fushigidungeon\fushigidungeon\debug\game.obj
e:\fushigidungeon\fushigidungeon\debug\gameclearui.obj
e:\fushigidungeon\fushigidungeon\debug\gameobject.obj
e:\fushigidungeon\fushigidungeon\debug\gameoverui.obj
e:\fushigidungeon\fushigidungeon\debug\healthitem.obj
e:\fushigidungeon\fushigidungeon\debug\hud.obj
e:\fushigidungeon\fushigidungeon\debug\ladder.obj
e:\fushigidungeon\fushigidungeon\debug\main.obj
e:\fushigidungeon\fushigidungeon\debug\mapcomponent.obj
e:\fushigidungeon\fushigidungeon\debug\mapmaker.obj
e:\fushigidungeon\fushigidungeon\debug\math.obj
e:\fushigidungeon\fushigidungeon\debug\menu.obj
e:\fushigidungeon\fushigidungeon\debug\messagebox.obj
e:\fushigidungeon\fushigidungeon\debug\movecomponent.obj
e:\fushigidungeon\fushigidungeon\debug\navcomponent.obj
e:\fushigidungeon\fushigidungeon\debug\player.obj
e:\fushigidungeon\fushigidungeon\debug\playerbattle.obj
e:\fushigidungeon\fushigidungeon\debug\random.obj
e:\fushigidungeon\fushigidungeon\debug\spritecomponent.obj
e:\fushigidungeon\fushigidungeon\debug\timer.obj
e:\fushigidungeon\fushigidungeon\debug\tutorialui.obj
e:\fushigidungeon\fushigidungeon\debug\uiscreen.obj
e:\fushigidungeon\fushigidungeon\debug\vc142.idb
e:\fushigidungeon\fushigidungeon\debug\vc142.pdb
e:\fushigidungeon\debug\fushigidungeon.pdb
e:\fushigidungeon\debug\fushigidungeon.exe
e:\fushigidungeon\debug\fushigidungeon.ilk
e:\fushigidungeon\fushigidungeon\debug\fushigidungeon.tlog\cl.command.1.tlog
e:\fushigidungeon\fushigidungeon\debug\fushigidungeon.tlog\cl.read.1.tlog
e:\fushigidungeon\fushigidungeon\debug\fushigidungeon.tlog\cl.write.1.tlog
e:\fushigidungeon\fushigidungeon\debug\fushigidungeon.tlog\link.command.1.tlog
e:\fushigidungeon\fushigidungeon\debug\fushigidungeon.tlog\link.read.1.tlog
e:\fushigidungeon\fushigidungeon\debug\fushigidungeon.tlog\link.write.1.tlog
